{
  "RSpec": {
    "coverage": {
      "/Users/danielwork/Documents/GitHub/makers/week4/bmark/spec/features/feature_spec.rb": [
        1,
        1,
        1,
        null,
        1,
        1,
        1,
        1,
        1,
        null,
        null,
        null,
        1,
        1,
        1,
        1,
        1,
        1,
        1,
        1,
        1,
        null,
        null,
        null,
        1,
        1,
        1,
        1,
        1,
        1,
        1,
        null,
        null,
        null
      ],
      "/Users/danielwork/Documents/GitHub/makers/week4/bmark/spec/helper_methods.rb": [
        null,
        1,
        1,
        null,
        null,
        1,
        1,
        null,
        null,
        1,
        0,
        null,
        null,
        1,
        2,
        null,
        null,
        1,
        0,
        null,
        null
      ]
    },
    "timestamp": 1523548242
  }
}
